Port: 3001 (0).$
Host: 0.0.0.0 (0).$
Name: jokin$
0$
location /resources {$
Name: jokin$
$
Port: 3002 (1).$
Host: 0.0.0.0 (1).$
Name: _$
1$
location /home {$
$
Port: 3003 (2).$
Host: 0.0.0.0 (2).$
2$
location / {$
2$
location / {$
2$
location / {$
2$
location / {$
Name: _$
Body Size : 1000000$
Error_page: $
[ 404 , /error.html ]$
[ 405 , /error.html ]$
[ 406 , /error.html ]$
[ 407 , /error.html ]$
[ 408 , /error.html ]$
$
$
------Server n.M-BM-*0----$
socketFd: 3$
Port : 3001$
Host : 0.0.0.0$
Server name : jokin$
$
root path xd$
------Server n.M-BM-*1----$
socketFd: 4$
Port : 3002$
Host : 0.0.0.0$
Server name : jokin$
$
root path xd$
------Server n.M-BM-*2----$
socketFd: 5$
Port : 3003$
Host : 0.0.0.0$
Server name : _$
$
root path xd$
